2024-05-29T11:37:50Z [Information] Now listening on: https://localhost:7186
2024-05-29T11:37:50Z [Information] Now listening on: http://localhost:5210
2024-05-29T11:37:50Z [Information] Application started. Press Ctrl+C to shut down.
2024-05-29T11:37:50Z [Information] Hosting environment: Development
2024-05-29T11:37:50Z [Information] Content root path: C:\Users\Danni\source\repos\test\MemoryCards\back-end
2024-05-29T11:46:55Z [Information] Now listening on: https://localhost:7186
2024-05-29T11:46:55Z [Information] Now listening on: http://localhost:5210
2024-05-29T11:46:55Z [Information] Application started. Press Ctrl+C to shut down.
2024-05-29T11:46:55Z [Information] Hosting environment: Development
2024-05-29T11:46:55Z [Information] Content root path: C:\Users\Danni\source\repos\test\MemoryCards\back-end
2024-05-29T11:52:08Z [Information] Now listening on: https://localhost:7186
2024-05-29T11:52:08Z [Information] Now listening on: http://localhost:5210
2024-05-29T11:52:08Z [Information] Application started. Press Ctrl+C to shut down.
2024-05-29T11:52:08Z [Information] Hosting environment: Development
2024-05-29T11:52:08Z [Information] Content root path: C:\Users\Danni\source\repos\test\MemoryCards\back-end
2024-05-29T11:53:18Z [Information] Now listening on: https://localhost:7186
2024-05-29T11:53:18Z [Information] Now listening on: http://localhost:5210
2024-05-29T11:53:18Z [Information] Application started. Press Ctrl+C to shut down.
2024-05-29T11:53:18Z [Information] Hosting environment: Development
2024-05-29T11:53:18Z [Information] Content root path: C:\Users\Danni\source\repos\test\MemoryCards\back-end
